[2025-06-19 18:18:35] NetSentinel Continuous Status Checker started...
[2025-06-19 18:18:35] Interval: 300 seconds
[2025-06-19 18:18:35] API URL: http://localhost/netsentinel/api/check
[2025-06-19 18:18:35] Mode: Continuous (Daemon)

[2025-06-19 18:18:35] Run #1 - Starting check...
[2025-06-19 18:18:47] SUCCESS: Checked unknown servers in 12241.96ms
[2025-06-19 18:18:47] Next check in 300 seconds...

[2025-06-19 18:23:47] Run #2 - Starting check...
[2025-06-19 18:23:59] SUCCESS: Checked unknown servers in 11957.8ms
[2025-06-19 18:23:59] Next check in 300 seconds...

[2025-06-19 20:22:41] Run #3 - Starting check...
[2025-06-19 20:22:53] SUCCESS: Checked unknown servers in 12532.83ms
[2025-06-19 20:22:53] Next check in 300 seconds...

[2025-06-19 20:27:53] Run #4 - Starting check...
[2025-06-19 20:28:06] SUCCESS: Checked unknown servers in 12449.47ms
[2025-06-19 20:28:06] Next check in 300 seconds...

[2025-06-19 20:33:06] Run #5 - Starting check...
[2025-06-19 20:33:18] SUCCESS: Checked unknown servers in 12499.49ms
[2025-06-19 20:33:18] Next check in 300 seconds...

[2025-06-19 20:38:18] Run #6 - Starting check...
[2025-06-19 20:38:31] SUCCESS: Checked unknown servers in 12620.72ms
[2025-06-19 20:38:31] Next check in 300 seconds...

[2025-06-19 20:43:31] Run #7 - Starting check...
[2025-06-19 20:43:44] SUCCESS: Checked unknown servers in 12916.86ms
[2025-06-19 20:43:44] Next check in 300 seconds...

[2025-06-19 20:48:44] Run #8 - Starting check...
[2025-06-19 20:48:58] SUCCESS: Checked unknown servers in 14122.11ms
[2025-06-19 20:48:58] Next check in 300 seconds...

[2025-06-19 20:53:58] Run #9 - Starting check...
[2025-06-19 20:54:10] SUCCESS: Checked unknown servers in 12408.94ms
[2025-06-19 20:54:10] Next check in 300 seconds...

[2025-06-19 20:59:10] Run #10 - Starting check...
[2025-06-19 20:59:23] SUCCESS: Checked unknown servers in 12919.05ms
[2025-06-19 20:59:23] Next check in 300 seconds...

[2025-06-19 21:04:23] Run #11 - Starting check...
[2025-06-19 21:04:36] SUCCESS: Checked unknown servers in 12576.88ms
[2025-06-19 21:04:36] Next check in 300 seconds...

[2025-06-19 21:09:36] Run #12 - Starting check...
[2025-06-19 21:09:48] SUCCESS: Checked unknown servers in 12843.67ms
[2025-06-19 21:09:48] Next check in 300 seconds...

[2025-06-19 21:14:48] Run #13 - Starting check...
[2025-06-19 21:15:02] SUCCESS: Checked unknown servers in 13285.12ms
[2025-06-19 21:15:02] Next check in 300 seconds...

[2025-06-19 21:20:02] Run #14 - Starting check...
[2025-06-19 21:20:15] SUCCESS: Checked unknown servers in 12822.19ms
[2025-06-19 21:20:15] Next check in 300 seconds...

[2025-06-19 21:25:15] Run #15 - Starting check...
[2025-06-19 21:25:27] SUCCESS: Checked unknown servers in 12690.63ms
[2025-06-19 21:25:27] Next check in 300 seconds...

[2025-06-19 21:30:27] Run #16 - Starting check...
[2025-06-19 21:30:40] SUCCESS: Checked unknown servers in 12761.2ms
[2025-06-19 21:30:40] Next check in 300 seconds...

[2025-06-19 21:35:40] Run #17 - Starting check...
[2025-06-19 21:35:53] SUCCESS: Checked unknown servers in 12503.25ms
[2025-06-19 21:35:53] Next check in 300 seconds...

[2025-06-19 21:40:53] Run #18 - Starting check...
[2025-06-19 21:41:05] SUCCESS: Checked unknown servers in 12145.21ms
[2025-06-19 21:41:05] Next check in 300 seconds...

[2025-06-19 21:46:05] Run #19 - Starting check...
[2025-06-19 21:46:17] SUCCESS: Checked unknown servers in 12036.09ms
[2025-06-19 21:46:17] Next check in 300 seconds...

[2025-06-19 21:51:17] Run #20 - Starting check...
[2025-06-19 21:51:29] SUCCESS: Checked unknown servers in 11968.52ms
[2025-06-19 21:51:29] Next check in 300 seconds...

[2025-06-19 21:56:29] Run #21 - Starting check...
[2025-06-19 21:56:42] SUCCESS: Checked unknown servers in 12846.98ms
[2025-06-19 21:56:42] Next check in 300 seconds...

[2025-06-19 22:01:42] Run #22 - Starting check...
[2025-06-19 22:01:54] SUCCESS: Checked unknown servers in 12616.15ms
[2025-06-19 22:01:54] Next check in 300 seconds...

[2025-06-19 22:06:54] Run #23 - Starting check...
[2025-06-19 22:07:06] SUCCESS: Checked unknown servers in 12194.63ms
[2025-06-19 22:07:06] Next check in 300 seconds...

[2025-06-19 22:12:06] Run #24 - Starting check...
[2025-06-19 22:12:19] SUCCESS: Checked unknown servers in 12826.98ms
[2025-06-19 22:12:19] Next check in 300 seconds...

[2025-06-19 22:17:19] Run #25 - Starting check...
[2025-06-19 22:17:32] SUCCESS: Checked unknown servers in 12820.6ms
[2025-06-19 22:17:32] Next check in 300 seconds...

[2025-06-19 22:22:32] Run #26 - Starting check...
[2025-06-19 22:22:45] SUCCESS: Checked unknown servers in 12581.65ms
[2025-06-19 22:22:45] Next check in 300 seconds...

[2025-06-19 22:27:45] Run #27 - Starting check...
[2025-06-19 22:44:41] ERROR #1: Operation timed out after 1016329 milliseconds with 0 bytes received
[2025-06-19 22:44:41] Next check in 300 seconds...

[2025-06-20 10:21:12] Run #28 - Starting check...
[2025-06-20 10:26:37] ERROR #2: Operation timed out after 324655 milliseconds with 0 bytes received
[2025-06-20 10:26:37] Next check in 300 seconds...

[2025-06-20 10:33:36] Run #29 - Starting check...
[2025-06-20 10:33:49] SUCCESS: Checked unknown servers in 12960.31ms
[2025-06-20 10:33:49] Next check in 300 seconds...

[2025-06-20 10:38:49] Run #30 - Starting check...
[2025-06-20 10:39:02] SUCCESS: Checked unknown servers in 13057.65ms
[2025-06-20 10:39:02] Next check in 300 seconds...

[2025-06-20 10:44:02] Run #31 - Starting check...
[2025-06-20 10:44:15] SUCCESS: Checked unknown servers in 13142.74ms
[2025-06-20 10:44:15] Next check in 300 seconds...

[2025-06-20 10:49:15] Run #32 - Starting check...
[2025-06-20 10:49:27] SUCCESS: Checked unknown servers in 12595.04ms
[2025-06-20 10:49:27] Next check in 300 seconds...

[2025-06-20 10:54:27] Run #33 - Starting check...
[2025-06-20 10:54:43] SUCCESS: Checked unknown servers in 15569.82ms
[2025-06-20 10:54:43] Next check in 300 seconds...

[2025-06-20 10:59:43] Run #34 - Starting check...
[2025-06-20 10:59:56] SUCCESS: Checked unknown servers in 13095.73ms
[2025-06-20 10:59:56] Next check in 300 seconds...

[2025-06-20 11:04:56] Run #35 - Starting check...
[2025-06-20 11:04:56] ERROR #3: Failed to connect to localhost port 80 after 0 ms: Could not connect to server
[2025-06-20 11:04:56] Next check in 300 seconds...

[2025-06-20 11:09:56] Run #36 - Starting check...
[2025-06-20 11:09:56] ERROR #4: Failed to connect to localhost port 80 after 0 ms: Could not connect to server
[2025-06-20 11:09:56] Next check in 300 seconds...

[2025-06-20 11:14:56] Run #37 - Starting check...
[2025-06-20 11:14:56] ERROR #5: Failed to connect to localhost port 80 after 0 ms: Could not connect to server
[2025-06-20 11:14:56] Next check in 300 seconds...

[2025-06-20 11:19:56] Run #38 - Starting check...
[2025-06-20 11:19:56] ERROR #6: Failed to connect to localhost port 80 after 0 ms: Could not connect to server
[2025-06-20 11:19:56] Next check in 300 seconds...

[2025-06-20 11:24:56] Run #39 - Starting check...
[2025-06-20 11:24:56] ERROR #7: Failed to connect to localhost port 80 after 0 ms: Could not connect to server
[2025-06-20 11:24:56] Next check in 300 seconds...

[2025-06-20 11:29:56] Run #40 - Starting check...
[2025-06-20 11:29:56] ERROR #8: Failed to connect to localhost port 80 after 0 ms: Could not connect to server
[2025-06-20 11:29:56] Next check in 300 seconds...

[2025-06-20 11:34:56] Run #41 - Starting check...
[2025-06-20 11:34:56] ERROR #9: Failed to connect to localhost port 80 after 0 ms: Could not connect to server
[2025-06-20 11:34:56] Next check in 300 seconds...

[2025-06-20 11:39:56] Run #42 - Starting check...
[2025-06-20 11:39:56] ERROR #10: Failed to connect to localhost port 80 after 0 ms: Could not connect to server
[2025-06-20 11:39:56] Next check in 300 seconds...

[2025-06-20 11:44:56] Run #43 - Starting check...
[2025-06-20 11:44:56] ERROR #11: Failed to connect to localhost port 80 after 0 ms: Could not connect to server
[2025-06-20 11:44:56] Next check in 300 seconds...

[2025-06-20 11:49:56] Run #44 - Starting check...
[2025-06-20 11:49:56] ERROR #12: Failed to connect to localhost port 80 after 0 ms: Could not connect to server
[2025-06-20 11:49:56] Next check in 300 seconds...

[2025-06-20 11:54:56] Run #45 - Starting check...
[2025-06-20 11:54:56] ERROR #13: Failed to connect to localhost port 80 after 0 ms: Could not connect to server
[2025-06-20 11:54:56] Next check in 300 seconds...

[2025-06-20 11:59:56] Run #46 - Starting check...
[2025-06-20 11:59:56] ERROR #14: Failed to connect to localhost port 80 after 1 ms: Could not connect to server
[2025-06-20 11:59:56] Next check in 300 seconds...

[2025-06-20 12:04:56] Run #47 - Starting check...
[2025-06-20 12:04:56] ERROR #15: Failed to connect to localhost port 80 after 0 ms: Could not connect to server
[2025-06-20 12:04:56] Next check in 300 seconds...

[2025-06-20 12:09:56] Run #48 - Starting check...
[2025-06-20 12:09:56] ERROR #16: Failed to connect to localhost port 80 after 0 ms: Could not connect to server
[2025-06-20 12:09:56] Next check in 300 seconds...

[2025-06-20 12:14:56] Run #49 - Starting check...
[2025-06-20 12:14:56] ERROR #17: Failed to connect to localhost port 80 after 0 ms: Could not connect to server
[2025-06-20 12:14:56] Next check in 300 seconds...

[2025-06-20 12:19:56] Run #50 - Starting check...
[2025-06-20 12:19:56] ERROR #18: Failed to connect to localhost port 80 after 0 ms: Could not connect to server
[2025-06-20 12:19:56] Next check in 300 seconds...

[2025-06-20 12:24:56] Run #51 - Starting check...
[2025-06-20 12:24:56] ERROR #19: Failed to connect to localhost port 80 after 0 ms: Could not connect to server
[2025-06-20 12:24:56] Next check in 300 seconds...

[2025-06-20 12:29:56] Run #52 - Starting check...
[2025-06-20 12:29:56] ERROR #20: Failed to connect to localhost port 80 after 1 ms: Could not connect to server
[2025-06-20 12:29:56] Next check in 300 seconds...

[2025-06-20 12:34:56] Run #53 - Starting check...
[2025-06-20 12:34:56] ERROR #21: Failed to connect to localhost port 80 after 0 ms: Could not connect to server
[2025-06-20 12:34:56] Next check in 300 seconds...

[2025-06-20 12:39:56] Run #54 - Starting check...
[2025-06-20 12:39:56] ERROR #22: Failed to connect to localhost port 80 after 0 ms: Could not connect to server
[2025-06-20 12:39:56] Next check in 300 seconds...

[2025-06-20 12:44:56] Run #55 - Starting check...
[2025-06-20 12:44:56] ERROR #23: Failed to connect to localhost port 80 after 0 ms: Could not connect to server
[2025-06-20 12:44:56] Next check in 300 seconds...

[2025-06-20 12:49:56] Run #56 - Starting check...
[2025-06-20 12:49:56] ERROR #24: Failed to connect to localhost port 80 after 0 ms: Could not connect to server
[2025-06-20 12:49:56] Next check in 300 seconds...

[2025-06-20 13:52:53] Run #57 - Starting check...
[2025-06-20 13:52:53] ERROR #25: Failed to connect to localhost port 80 after 0 ms: Could not connect to server
[2025-06-20 13:52:53] Next check in 300 seconds...

[2025-06-20 13:57:53] Run #58 - Starting check...
[2025-06-20 13:57:53] ERROR #26: Failed to connect to localhost port 80 after 0 ms: Could not connect to server
[2025-06-20 13:57:53] Next check in 300 seconds...

[2025-06-20 14:02:53] Run #59 - Starting check...
[2025-06-20 14:02:53] ERROR #27: Failed to connect to localhost port 80 after 0 ms: Could not connect to server
[2025-06-20 14:02:53] Next check in 300 seconds...

[2025-06-20 14:07:53] Run #60 - Starting check...
[2025-06-20 14:07:53] ERROR #28: Failed to connect to localhost port 80 after 0 ms: Could not connect to server
[2025-06-20 14:07:53] Next check in 300 seconds...

[2025-06-20 14:12:53] Run #61 - Starting check...
[2025-06-20 14:12:53] ERROR #29: Failed to connect to localhost port 80 after 0 ms: Could not connect to server
[2025-06-20 14:12:53] Next check in 300 seconds...

[2025-06-20 14:17:53] Run #62 - Starting check...
[2025-06-20 14:17:53] ERROR #30: Failed to connect to localhost port 80 after 0 ms: Could not connect to server
[2025-06-20 14:17:53] Next check in 300 seconds...

[2025-06-20 14:22:53] Run #63 - Starting check...
[2025-06-20 14:22:53] ERROR #31: Failed to connect to localhost port 80 after 0 ms: Could not connect to server
[2025-06-20 14:22:53] Next check in 300 seconds...

[2025-06-20 14:27:53] Run #64 - Starting check...
[2025-06-20 14:27:53] ERROR #32: Failed to connect to localhost port 80 after 0 ms: Could not connect to server
[2025-06-20 14:27:53] Next check in 300 seconds...

[2025-06-20 14:32:53] Run #65 - Starting check...
[2025-06-20 14:32:53] ERROR #33: Failed to connect to localhost port 80 after 0 ms: Could not connect to server
[2025-06-20 14:32:53] Next check in 300 seconds...

[2025-06-20 14:37:53] Run #66 - Starting check...
[2025-06-20 14:37:53] ERROR #34: Failed to connect to localhost port 80 after 0 ms: Could not connect to server
[2025-06-20 14:37:53] Next check in 300 seconds...

[2025-06-20 14:42:53] Run #67 - Starting check...
[2025-06-20 14:42:53] ERROR #35: Failed to connect to localhost port 80 after 0 ms: Could not connect to server
[2025-06-20 14:42:53] Next check in 300 seconds...

[2025-06-20 14:47:53] Run #68 - Starting check...
[2025-06-20 14:47:53] ERROR #36: Failed to connect to localhost port 80 after 0 ms: Could not connect to server
[2025-06-20 14:47:53] Next check in 300 seconds...

[2025-06-20 14:52:53] Run #69 - Starting check...
[2025-06-20 14:52:53] ERROR #37: Failed to connect to localhost port 80 after 0 ms: Could not connect to server
[2025-06-20 14:52:53] Next check in 300 seconds...

[2025-06-20 14:57:53] Run #70 - Starting check...
[2025-06-20 14:57:53] ERROR #38: Failed to connect to localhost port 80 after 0 ms: Could not connect to server
[2025-06-20 14:57:53] Next check in 300 seconds...

[2025-06-20 15:02:53] Run #71 - Starting check...
[2025-06-20 15:02:53] ERROR #39: Failed to connect to localhost port 80 after 0 ms: Could not connect to server
[2025-06-20 15:02:53] Next check in 300 seconds...

[2025-06-20 15:07:53] Run #72 - Starting check...
[2025-06-20 15:07:53] ERROR #40: Failed to connect to localhost port 80 after 0 ms: Could not connect to server
[2025-06-20 15:07:53] Next check in 300 seconds...

[2025-06-20 15:12:53] Run #73 - Starting check...
[2025-06-20 15:12:53] ERROR #41: Failed to connect to localhost port 80 after 0 ms: Could not connect to server
[2025-06-20 15:12:53] Next check in 300 seconds...

[2025-06-20 15:17:53] Run #74 - Starting check...
[2025-06-20 15:17:53] ERROR #42: Failed to connect to localhost port 80 after 0 ms: Could not connect to server
[2025-06-20 15:17:53] Next check in 300 seconds...

[2025-06-20 15:22:53] Run #75 - Starting check...
[2025-06-20 15:22:53] ERROR #43: Failed to connect to localhost port 80 after 0 ms: Could not connect to server
[2025-06-20 15:22:53] Next check in 300 seconds...

[2025-06-20 15:27:53] Run #76 - Starting check...
[2025-06-20 15:27:53] ERROR #44: Failed to connect to localhost port 80 after 0 ms: Could not connect to server
[2025-06-20 15:27:53] Next check in 300 seconds...

[2025-06-20 15:32:53] Run #77 - Starting check...
[2025-06-20 15:32:53] ERROR #45: Failed to connect to localhost port 80 after 0 ms: Could not connect to server
[2025-06-20 15:32:53] Next check in 300 seconds...

[2025-06-20 15:37:53] Run #78 - Starting check...
[2025-06-20 15:37:53] ERROR #46: Failed to connect to localhost port 80 after 0 ms: Could not connect to server
[2025-06-20 15:37:53] Next check in 300 seconds...

[2025-06-20 15:42:53] Run #79 - Starting check...
[2025-06-20 15:42:53] ERROR #47: Failed to connect to localhost port 80 after 0 ms: Could not connect to server
[2025-06-20 15:42:53] Next check in 300 seconds...

[2025-06-20 15:47:53] Run #80 - Starting check...
[2025-06-20 15:47:53] ERROR #48: Failed to connect to localhost port 80 after 0 ms: Could not connect to server
[2025-06-20 15:47:53] Next check in 300 seconds...

[2025-06-20 15:52:53] Run #81 - Starting check...
[2025-06-20 15:52:53] ERROR #49: Failed to connect to localhost port 80 after 0 ms: Could not connect to server
[2025-06-20 15:52:53] Next check in 300 seconds...

[2025-06-20 16:00:39] Run #82 - Starting check...
[2025-06-20 16:00:39] ERROR #50: Failed to connect to localhost port 80 after 0 ms: Could not connect to server
[2025-06-20 16:00:39] Next check in 300 seconds...

[2025-06-20 16:05:39] Run #83 - Starting check...
[2025-06-20 16:05:39] ERROR #51: Failed to connect to localhost port 80 after 0 ms: Could not connect to server
[2025-06-20 16:05:39] Next check in 300 seconds...

[2025-06-20 16:10:39] Run #84 - Starting check...
[2025-06-20 16:10:39] ERROR #52: Failed to connect to localhost port 80 after 1 ms: Could not connect to server
[2025-06-20 16:10:39] Next check in 300 seconds...

[2025-06-20 16:15:39] Run #85 - Starting check...
[2025-06-20 16:15:39] ERROR #53: Failed to connect to localhost port 80 after 0 ms: Could not connect to server
[2025-06-20 16:15:39] Next check in 300 seconds...

[2025-06-20 16:20:39] Run #86 - Starting check...
[2025-06-20 16:20:39] ERROR #54: Failed to connect to localhost port 80 after 0 ms: Could not connect to server
[2025-06-20 16:20:39] Next check in 300 seconds...

[2025-06-20 16:25:39] Run #87 - Starting check...
[2025-06-20 16:25:39] ERROR #55: Failed to connect to localhost port 80 after 1 ms: Could not connect to server
[2025-06-20 16:25:39] Next check in 300 seconds...

[2025-06-20 16:30:39] Run #88 - Starting check...
[2025-06-20 16:30:39] ERROR #56: Failed to connect to localhost port 80 after 0 ms: Could not connect to server
[2025-06-20 16:30:39] Next check in 300 seconds...

[2025-06-20 16:31:50] Run #89 - Starting check...
[2025-06-20 16:31:50] ERROR #57: Failed to connect to localhost port 80 after 0 ms: Could not connect to server
[2025-06-20 16:31:50] Next check in 300 seconds...

